<?xml version="1.0" encoding="UTF-8"?>
<!-- Generated by org.testng.reporters.JUnitReportReporter -->
<testsuite skipped="0" hostname="DESKTOP-V63LV7N" name="scripts.Registerpage" tests="1" failures="0" timestamp="10 Jul 2019 13:11:51 GMT" time="28.053" errors="0">
  <testcase name="testregisterpage" time="28.053" classname="scripts.Registerpage"/>
</testsuite> <!-- scripts.Registerpage -->
