<?xml version="1.0" encoding="UTF-8"?>
<!-- Generated by org.testng.reporters.JUnitReportReporter -->
<testsuite skipped="0" hostname="DESKTOP-V63LV7N" name="practicetest.Homepage" tests="1" failures="0" timestamp="10 Jul 2019 12:46:49 GMT" time="23.984" errors="0">
  <testcase name="testHomepage" time="23.984" classname="practicetest.Homepage"/>
</testsuite> <!-- practicetest.Homepage -->
