<?xml version="1.0" encoding="UTF-8"?>
<!-- Generated by org.testng.reporters.JUnitReportReporter -->
<testsuite skipped="0" hostname="DESKTOP-V63LV7N" name="scripts.Homepage" tests="1" failures="0" timestamp="10 Jul 2019 13:35:59 GMT" time="37.570" errors="0">
  <testcase name="testHomepage" time="37.570" classname="scripts.Homepage"/>
</testsuite> <!-- scripts.Homepage -->
