<?xml version="1.0" encoding="UTF-8"?>
<!-- Generated by org.testng.reporters.JUnitReportReporter -->
<testsuite skipped="0" hostname="DESKTOP-V63LV7N" name="scripts.TestRegisterPage" tests="1" failures="0" timestamp="11 Jul 2019 10:30:46 GMT" time="30.876" errors="0">
  <testcase name="testHomepage" time="30.876" classname="scripts.TestRegisterPage"/>
</testsuite> <!-- scripts.TestRegisterPage -->
